<?xml version="1.0" encoding="UTF-8"?>
<!-- Generated by org.testng.reporters.JUnitXMLReporter -->
<testsuite ignored="1" hostname="DESKTOP-BUB11K9" failures="0" tests="1" name="Test" time="24.182" errors="0" timestamp="2025-09-28T17:47:03 BDT">
  <testcase classname="testCases.TC001_AccountRegistrationTest" name="verify_account_registration" time="10.08"/>
  <testcase classname="testCases.TC003_LoginDDT" name="verify_loginDDT" time="0.0">
    <ignored/>
  </testcase> <!-- verify_loginDDT -->
</testsuite> <!-- Test -->
