<?xml version="1.0" encoding="UTF-8"?>
<!-- Generated by org.testng.reporters.JUnitXMLReporter -->
<testsuite ignored="1" hostname="DESKTOP-BUB11K9" failures="0" tests="2" name="Test" time="15.842" errors="0" timestamp="2025-08-26T17:24:31 GMT+06:00">
  <testcase classname="testCases.TC001_AccountRegistrationTest" name="verify_account_registration" time="2.642"/>
  <testcase classname="testCases.TC002_LoginTest" name="verify_login" time="1.694"/>
  <testcase classname="testCases.TC003_LoginDDT" name="verify_loginDDT" time="0.0">
    <ignored/>
  </testcase> <!-- verify_loginDDT -->
</testsuite> <!-- Test -->
